<?xml version="1.0" encoding="UTF-8"?>
<coverage generated="1558535057">
  <project timestamp="1558535057">
    <package name="PdfGenerator\Backend\Content\Base">
      <file name="/home/famoser/Data/Repos/pdf-generator/src/Backend/Content/Base/BaseContent.php">
        <class name="PdfGenerator\Backend\Content\Base\BaseContent" namespace="PdfGenerator\Backend\Content\Base">
          <metrics complexity="1" methods="0" coveredmethods="0" conditionals="0" coveredconditionals="0" statements="0" coveredstatements="0" elements="0" coveredelements="0"/>
        </class>
        <metrics loc="29" ncloc="14" classes="0" methods="0" coveredmethods="0" conditionals="0" coveredconditionals="0" statements="0" coveredstatements="0" elements="0" coveredelements="0"/>
      </file>
    </package>
    <package name="PdfGenerator\Backend\Content">
      <file name="/home/famoser/Data/Repos/pdf-generator/src/Backend/Content/GraphicStateRepository.php">
        <class name="PdfGenerator\Backend\Content\GraphicStateRepository" namespace="PdfGenerator\Backend\Content">
          <metrics complexity="9" methods="7" coveredmethods="7" conditionals="0" coveredconditionals="0" statements="32" coveredstatements="32" elements="39" coveredelements="39"/>
        </class>
        <line num="42" type="method" name="__construct" visibility="public" complexity="1" crap="1" count="6"/>
        <line num="44" type="stmt" count="6"/>
        <line num="45" type="stmt" count="6"/>
        <line num="53" type="method" name="applyTextLevelState" visibility="public" complexity="1" crap="1" count="4"/>
        <line num="56" type="stmt" count="4"/>
        <line num="57" type="stmt" count="4"/>
        <line num="60" type="stmt" count="4"/>
        <line num="62" type="stmt" count="4"/>
        <line num="71" type="method" name="applyPageLevelState" visibility="public" complexity="1" crap="1" count="2"/>
        <line num="74" type="stmt" count="2"/>
        <line num="75" type="stmt" count="2"/>
        <line num="78" type="stmt" count="2"/>
        <line num="80" type="stmt" count="2"/>
        <line num="88" type="method" name="getPageLevelState" visibility="private" complexity="2" crap="2" count="6"/>
        <line num="90" type="stmt" count="6"/>
        <line num="92" type="stmt" count="6"/>
        <line num="93" type="stmt" count="2"/>
        <line num="96" type="stmt" count="6"/>
        <line num="97" type="stmt" count="6"/>
        <line num="99" type="stmt" count="6"/>
        <line num="107" type="method" name="getTextLevelState" visibility="private" complexity="2" crap="2" count="6"/>
        <line num="109" type="stmt" count="6"/>
        <line num="111" type="stmt" count="6"/>
        <line num="112" type="stmt" count="2"/>
        <line num="115" type="stmt" count="6"/>
        <line num="116" type="stmt" count="6"/>
        <line num="118" type="stmt" count="6"/>
        <line num="125" type="method" name="setPageLevelState" visibility="private" complexity="1" crap="1" count="2"/>
        <line num="127" type="stmt" count="2"/>
        <line num="129" type="stmt" count="2"/>
        <line num="131" type="stmt" count="2"/>
        <line num="132" type="stmt" count="2"/>
        <line num="133" type="stmt" count="2"/>
        <line num="139" type="method" name="setTextLevelState" visibility="private" complexity="1" crap="1" count="4"/>
        <line num="141" type="stmt" count="4"/>
        <line num="143" type="stmt" count="4"/>
        <line num="145" type="stmt" count="4"/>
        <line num="146" type="stmt" count="4"/>
        <line num="147" type="stmt" count="4"/>
        <metrics loc="148" ncloc="90" classes="1" methods="7" coveredmethods="7" conditionals="0" coveredconditionals="0" statements="32" coveredstatements="32" elements="39" coveredelements="39"/>
      </file>
      <file name="/home/famoser/Data/Repos/pdf-generator/src/Backend/Content/ImageContent.php">
        <class name="PdfGenerator\Backend\Content\ImageContent" namespace="PdfGenerator\Backend\Content">
          <metrics complexity="4" methods="4" coveredmethods="4" conditionals="0" coveredconditionals="0" statements="6" coveredstatements="6" elements="10" coveredelements="10"/>
        </class>
        <line num="38" type="method" name="__construct" visibility="public" complexity="1" crap="1" count="1"/>
        <line num="40" type="stmt" count="1"/>
        <line num="41" type="stmt" count="1"/>
        <line num="42" type="stmt" count="1"/>
        <line num="47" type="method" name="getImage" visibility="public" complexity="1" crap="1" count="1"/>
        <line num="49" type="stmt" count="1"/>
        <line num="55" type="method" name="getPageLevel" visibility="public" complexity="1" crap="1" count="1"/>
        <line num="57" type="stmt" count="1"/>
        <line num="67" type="method" name="accept" visibility="public" complexity="1" crap="1" count="1"/>
        <line num="69" type="stmt" count="1"/>
        <metrics loc="71" ncloc="40" classes="1" methods="4" coveredmethods="4" conditionals="0" coveredconditionals="0" statements="6" coveredstatements="6" elements="10" coveredelements="10"/>
      </file>
      <file name="/home/famoser/Data/Repos/pdf-generator/src/Backend/Content/Rectangle.php">
        <class name="PdfGenerator\Backend\Content\Rectangle" namespace="PdfGenerator\Backend\Content">
          <metrics complexity="6" methods="6" coveredmethods="6" conditionals="0" coveredconditionals="0" statements="10" coveredstatements="10" elements="16" coveredelements="16"/>
        </class>
        <line num="53" type="method" name="__construct" visibility="public" complexity="1" crap="1" count="1"/>
        <line num="55" type="stmt" count="1"/>
        <line num="56" type="stmt" count="1"/>
        <line num="57" type="stmt" count="1"/>
        <line num="58" type="stmt" count="1"/>
        <line num="59" type="stmt" count="1"/>
        <line num="64" type="method" name="getWidth" visibility="public" complexity="1" crap="1" count="1"/>
        <line num="66" type="stmt" count="1"/>
        <line num="72" type="method" name="getHeight" visibility="public" complexity="1" crap="1" count="1"/>
        <line num="74" type="stmt" count="1"/>
        <line num="80" type="method" name="getPaintingMode" visibility="public" complexity="1" crap="1" count="1"/>
        <line num="82" type="stmt" count="1"/>
        <line num="88" type="method" name="getPageLevel" visibility="public" complexity="1" crap="1" count="1"/>
        <line num="90" type="stmt" count="1"/>
        <line num="100" type="method" name="accept" visibility="public" complexity="1" crap="1" count="1"/>
        <line num="102" type="stmt" count="1"/>
        <metrics loc="104" ncloc="59" classes="1" methods="6" coveredmethods="6" conditionals="0" coveredconditionals="0" statements="10" coveredstatements="10" elements="16" coveredelements="16"/>
      </file>
      <file name="/home/famoser/Data/Repos/pdf-generator/src/Backend/Content/TextContent.php">
        <class name="PdfGenerator\Backend\Content\TextContent" namespace="PdfGenerator\Backend\Content">
          <metrics complexity="4" methods="4" coveredmethods="4" conditionals="0" coveredconditionals="0" statements="6" coveredstatements="6" elements="10" coveredelements="10"/>
        </class>
        <line num="39" type="method" name="__construct" visibility="public" complexity="1" crap="1" count="4"/>
        <line num="41" type="stmt" count="4"/>
        <line num="42" type="stmt" count="4"/>
        <line num="43" type="stmt" count="4"/>
        <line num="48" type="method" name="getText" visibility="public" complexity="1" crap="1" count="4"/>
        <line num="50" type="stmt" count="4"/>
        <line num="56" type="method" name="getTextLevel" visibility="public" complexity="1" crap="1" count="4"/>
        <line num="58" type="stmt" count="4"/>
        <line num="68" type="method" name="accept" visibility="public" complexity="1" crap="1" count="4"/>
        <line num="70" type="stmt" count="4"/>
        <metrics loc="72" ncloc="39" classes="1" methods="4" coveredmethods="4" conditionals="0" coveredconditionals="0" statements="6" coveredstatements="6" elements="10" coveredelements="10"/>
      </file>
    </package>
    <package name="PdfGenerator\Backend\Content\Operators\Level\Base">
      <file name="/home/famoser/Data/Repos/pdf-generator/src/Backend/Content/Operators/Level/Base/BaseLevel.php">
        <class name="PdfGenerator\Backend\Content\Operators\Level\Base\BaseLevel" namespace="PdfGenerator\Backend\Content\Operators\Level\Base">
          <metrics complexity="1" methods="0" coveredmethods="0" conditionals="0" coveredconditionals="0" statements="0" coveredstatements="0" elements="0" coveredelements="0"/>
        </class>
        <metrics loc="25" ncloc="11" classes="0" methods="0" coveredmethods="0" conditionals="0" coveredconditionals="0" statements="0" coveredstatements="0" elements="0" coveredelements="0"/>
      </file>
    </package>
    <package name="PdfGenerator\Backend\Content\Operators\Level">
      <file name="/home/famoser/Data/Repos/pdf-generator/src/Backend/Content/Operators/Level/PageLevel.php">
        <class name="PdfGenerator\Backend\Content\Operators\Level\PageLevel" namespace="PdfGenerator\Backend\Content\Operators\Level">
          <metrics complexity="5" methods="5" coveredmethods="4" conditionals="0" coveredconditionals="0" statements="9" coveredstatements="8" elements="14" coveredelements="12"/>
        </class>
        <line num="37" type="method" name="__construct" visibility="public" complexity="1" crap="1" count="6"/>
        <line num="39" type="stmt" count="6"/>
        <line num="40" type="stmt" count="6"/>
        <line num="41" type="stmt" count="6"/>
        <line num="46" type="method" name="getGeneralGraphicsState" visibility="public" complexity="1" crap="1" count="2"/>
        <line num="48" type="stmt" count="2"/>
        <line num="54" type="method" name="getColorState" visibility="public" complexity="1" crap="1" count="2"/>
        <line num="56" type="stmt" count="2"/>
        <line num="65" type="method" name="accept" visibility="public" complexity="1" crap="2.00" count="0"/>
        <line num="67" type="stmt" count="0"/>
        <line num="73" type="method" name="applyStateFromText" visibility="public" complexity="1" crap="1" count="4"/>
        <line num="75" type="stmt" count="4"/>
        <line num="76" type="stmt" count="4"/>
        <line num="77" type="stmt" count="4"/>
        <metrics loc="78" ncloc="43" classes="1" methods="5" coveredmethods="4" conditionals="0" coveredconditionals="0" statements="9" coveredstatements="8" elements="14" coveredelements="12"/>
      </file>
      <file name="/home/famoser/Data/Repos/pdf-generator/src/Backend/Content/Operators/Level/TextLevel.php">
        <class name="PdfGenerator\Backend\Content\Operators\Level\TextLevel" namespace="PdfGenerator\Backend\Content\Operators\Level">
          <metrics complexity="6" methods="6" coveredmethods="5" conditionals="0" coveredconditionals="0" statements="11" coveredstatements="10" elements="17" coveredelements="15"/>
        </class>
        <line num="44" type="method" name="__construct" visibility="public" complexity="1" crap="1" count="6"/>
        <line num="46" type="stmt" count="6"/>
        <line num="47" type="stmt" count="6"/>
        <line num="48" type="stmt" count="6"/>
        <line num="49" type="stmt" count="6"/>
        <line num="54" type="method" name="getGeneralGraphicsState" visibility="public" complexity="1" crap="1" count="4"/>
        <line num="56" type="stmt" count="4"/>
        <line num="62" type="method" name="getColorState" visibility="public" complexity="1" crap="1" count="4"/>
        <line num="64" type="stmt" count="4"/>
        <line num="70" type="method" name="getText" visibility="public" complexity="1" crap="1" count="4"/>
        <line num="72" type="stmt" count="4"/>
        <line num="81" type="method" name="accept" visibility="public" complexity="1" crap="2.00" count="0"/>
        <line num="83" type="stmt" count="0"/>
        <line num="89" type="method" name="applyStateFromPage" visibility="public" complexity="1" crap="1" count="2"/>
        <line num="91" type="stmt" count="2"/>
        <line num="92" type="stmt" count="2"/>
        <line num="93" type="stmt" count="2"/>
        <metrics loc="94" ncloc="52" classes="1" methods="6" coveredmethods="5" conditionals="0" coveredconditionals="0" statements="11" coveredstatements="10" elements="17" coveredelements="15"/>
      </file>
    </package>
    <package name="PdfGenerator\Backend\Content\Operators">
      <file name="/home/famoser/Data/Repos/pdf-generator/src/Backend/Content/Operators/LevelTransitionVisitor.php">
        <class name="PdfGenerator\Backend\Content\Operators\LevelTransitionVisitor" namespace="PdfGenerator\Backend\Content\Operators">
          <metrics complexity="3" methods="3" coveredmethods="3" conditionals="0" coveredconditionals="0" statements="9" coveredstatements="9" elements="12" coveredelements="12"/>
        </class>
        <line num="27" type="method" name="__construct" visibility="public" complexity="1" crap="1" count="6"/>
        <line num="29" type="stmt" count="6"/>
        <line num="30" type="stmt" count="6"/>
        <line num="38" type="method" name="visitPage" visibility="public" complexity="1" crap="1" count="2"/>
        <line num="40" type="stmt" count="2"/>
        <line num="41" type="stmt" count="2"/>
        <line num="42" type="stmt" count="2"/>
        <line num="51" type="method" name="visitText" visibility="public" complexity="1" crap="1" count="4"/>
        <line num="53" type="stmt" count="4"/>
        <line num="54" type="stmt" count="4"/>
        <line num="55" type="stmt" count="4"/>
        <line num="56" type="stmt" count="4"/>
        <metrics loc="58" ncloc="32" classes="1" methods="3" coveredmethods="3" conditionals="0" coveredconditionals="0" statements="9" coveredstatements="9" elements="12" coveredelements="12"/>
      </file>
      <file name="/home/famoser/Data/Repos/pdf-generator/src/Backend/Content/Operators/StateTransitionVisitor.php">
        <class name="PdfGenerator\Backend\Content\Operators\StateTransitionVisitor" namespace="PdfGenerator\Backend\Content\Operators">
          <metrics complexity="26" methods="3" coveredmethods="0" conditionals="0" coveredconditionals="0" statements="48" coveredstatements="36" elements="51" coveredelements="36"/>
        </class>
        <line num="26" type="method" name="visitText" visibility="public" complexity="11" crap="14.27" count="4"/>
        <line num="29" type="stmt" count="4"/>
        <line num="30" type="stmt" count="1"/>
        <line num="33" type="stmt" count="4"/>
        <line num="34" type="stmt" count="0"/>
        <line num="37" type="stmt" count="4"/>
        <line num="38" type="stmt" count="4"/>
        <line num="39" type="stmt" count="4"/>
        <line num="42" type="stmt" count="4"/>
        <line num="43" type="stmt" count="0"/>
        <line num="46" type="stmt" count="4"/>
        <line num="47" type="stmt" count="0"/>
        <line num="50" type="stmt" count="4"/>
        <line num="51" type="stmt" count="0"/>
        <line num="54" type="stmt" count="4"/>
        <line num="55" type="stmt" count="4"/>
        <line num="58" type="stmt" count="4"/>
        <line num="59" type="stmt" count="0"/>
        <line num="62" type="stmt" count="4"/>
        <line num="63" type="stmt" count="0"/>
        <line num="66" type="stmt" count="4"/>
        <line num="75" type="method" name="visitGeneralGraphics" visibility="public" complexity="10" crap="12.14" count="6"/>
        <line num="78" type="stmt" count="6"/>
        <line num="79" type="stmt" count="2"/>
        <line num="82" type="stmt" count="6"/>
        <line num="83" type="stmt" count="0"/>
        <line num="86" type="stmt" count="6"/>
        <line num="87" type="stmt" count="6"/>
        <line num="88" type="stmt" count="6"/>
        <line num="91" type="stmt" count="6"/>
        <line num="92" type="stmt" count="6"/>
        <line num="95" type="stmt" count="6"/>
        <line num="96" type="stmt" count="0"/>
        <line num="99" type="stmt" count="6"/>
        <line num="100" type="stmt" count="0"/>
        <line num="103" type="stmt" count="6"/>
        <line num="104" type="stmt" count="0"/>
        <line num="107" type="stmt" count="6"/>
        <line num="108" type="stmt" count="0"/>
        <line num="111" type="stmt" count="6"/>
        <line num="120" type="method" name="visitColor" visibility="public" complexity="5" crap="5.03" count="6"/>
        <line num="123" type="stmt" count="6"/>
        <line num="124" type="stmt" count="2"/>
        <line num="127" type="stmt" count="6"/>
        <line num="128" type="stmt" count="0"/>
        <line num="131" type="stmt" count="6"/>
        <line num="132" type="stmt" count="6"/>
        <line num="133" type="stmt" count="6"/>
        <line num="136" type="stmt" count="6"/>
        <line num="137" type="stmt" count="6"/>
        <line num="140" type="stmt" count="6"/>
        <metrics loc="142" ncloc="110" classes="1" methods="3" coveredmethods="0" conditionals="0" coveredconditionals="0" statements="48" coveredstatements="36" elements="51" coveredelements="36"/>
      </file>
    </package>
    <package name="PdfGenerator\Backend\Content\Operators\State\Base">
      <file name="/home/famoser/Data/Repos/pdf-generator/src/Backend/Content/Operators/State/Base/BaseState.php">
        <class name="PdfGenerator\Backend\Content\Operators\State\Base\BaseState" namespace="PdfGenerator\Backend\Content\Operators\State\Base">
          <metrics complexity="1" methods="0" coveredmethods="0" conditionals="0" coveredconditionals="0" statements="0" coveredstatements="0" elements="0" coveredelements="0"/>
        </class>
        <metrics loc="25" ncloc="11" classes="0" methods="0" coveredmethods="0" conditionals="0" coveredconditionals="0" statements="0" coveredstatements="0" elements="0" coveredelements="0"/>
      </file>
    </package>
    <package name="PdfGenerator\Backend\Content\Operators\State">
      <file name="/home/famoser/Data/Repos/pdf-generator/src/Backend/Content/Operators/State/ColorState.php">
        <class name="PdfGenerator\Backend\Content\Operators\State\ColorState" namespace="PdfGenerator\Backend\Content\Operators\State">
          <metrics complexity="5" methods="5" coveredmethods="4" conditionals="0" coveredconditionals="0" statements="7" coveredstatements="6" elements="12" coveredelements="10"/>
        </class>
        <line num="36" type="method" name="getRgbStrokingColour" visibility="public" complexity="1" crap="1" count="6"/>
        <line num="38" type="stmt" count="6"/>
        <line num="44" type="method" name="setRgbStrokingColour" visibility="public" complexity="1" crap="1" count="6"/>
        <line num="48" type="stmt" count="6"/>
        <line num="49" type="stmt" count="6"/>
        <line num="54" type="method" name="getRgbNonStrokingColour" visibility="public" complexity="1" crap="1" count="6"/>
        <line num="56" type="stmt" count="6"/>
        <line num="62" type="method" name="setRgbNonStrokingColour" visibility="public" complexity="1" crap="1" count="6"/>
        <line num="66" type="stmt" count="6"/>
        <line num="67" type="stmt" count="6"/>
        <line num="75" type="method" name="accept" visibility="public" complexity="1" crap="2.00" count="0"/>
        <line num="77" type="stmt" count="0"/>
        <metrics loc="79" ncloc="43" classes="1" methods="5" coveredmethods="4" conditionals="0" coveredconditionals="0" statements="7" coveredstatements="6" elements="12" coveredelements="10"/>
      </file>
      <file name="/home/famoser/Data/Repos/pdf-generator/src/Backend/Content/Operators/State/GeneralGraphicState.php">
        <class name="PdfGenerator\Backend\Content\Operators\State\GeneralGraphicState" namespace="PdfGenerator\Backend\Content\Operators\State">
          <metrics complexity="18" methods="16" coveredmethods="9" conditionals="0" coveredconditionals="0" statements="24" coveredstatements="11" elements="40" coveredelements="20"/>
        </class>
        <line num="100" type="method" name="setMinimalAngleOfMiterJoin" visibility="public" complexity="1" crap="2.00" count="0"/>
        <line num="102" type="stmt" count="0"/>
        <line num="103" type="stmt" count="0"/>
        <line num="108" type="method" name="getCurrentTransformationMatrix" visibility="public" complexity="1" crap="1" count="6"/>
        <line num="110" type="stmt" count="6"/>
        <line num="116" type="method" name="setCurrentTransformationMatrix" visibility="public" complexity="1" crap="1" count="6"/>
        <line num="120" type="stmt" count="6"/>
        <line num="121" type="stmt" count="6"/>
        <line num="126" type="method" name="getLineWidth" visibility="public" complexity="1" crap="1" count="6"/>
        <line num="128" type="stmt" count="6"/>
        <line num="134" type="method" name="setLineWidth" visibility="public" complexity="1" crap="1" count="6"/>
        <line num="136" type="stmt" count="6"/>
        <line num="137" type="stmt" count="6"/>
        <line num="142" type="method" name="getLineCap" visibility="public" complexity="1" crap="1" count="6"/>
        <line num="144" type="stmt" count="6"/>
        <line num="150" type="method" name="setLineCap" visibility="public" complexity="2" crap="6.00" count="0"/>
        <line num="154" type="stmt" count="0"/>
        <line num="155" type="stmt" count="0"/>
        <line num="160" type="method" name="getLineJoin" visibility="public" complexity="1" crap="1" count="6"/>
        <line num="162" type="stmt" count="6"/>
        <line num="168" type="method" name="setLineJoin" visibility="public" complexity="2" crap="6.00" count="0"/>
        <line num="172" type="stmt" count="0"/>
        <line num="173" type="stmt" count="0"/>
        <line num="178" type="method" name="getMiterLimit" visibility="public" complexity="1" crap="1" count="6"/>
        <line num="180" type="stmt" count="6"/>
        <line num="186" type="method" name="setMiterLimit" visibility="public" complexity="1" crap="2.00" count="0"/>
        <line num="188" type="stmt" count="0"/>
        <line num="189" type="stmt" count="0"/>
        <line num="194" type="method" name="getDashArray" visibility="public" complexity="1" crap="1" count="6"/>
        <line num="196" type="stmt" count="6"/>
        <line num="202" type="method" name="setDashArray" visibility="public" complexity="1" crap="2.00" count="0"/>
        <line num="204" type="stmt" count="0"/>
        <line num="205" type="stmt" count="0"/>
        <line num="210" type="method" name="getDashPhase" visibility="public" complexity="1" crap="1" count="6"/>
        <line num="212" type="stmt" count="6"/>
        <line num="218" type="method" name="setDashPhase" visibility="public" complexity="1" crap="2.00" count="0"/>
        <line num="220" type="stmt" count="0"/>
        <line num="221" type="stmt" count="0"/>
        <line num="229" type="method" name="accept" visibility="public" complexity="1" crap="2.00" count="0"/>
        <line num="231" type="stmt" count="0"/>
        <metrics loc="233" ncloc="118" classes="1" methods="16" coveredmethods="9" conditionals="0" coveredconditionals="0" statements="24" coveredstatements="11" elements="40" coveredelements="20"/>
      </file>
      <file name="/home/famoser/Data/Repos/pdf-generator/src/Backend/Content/Operators/State/TextState.php">
        <class name="PdfGenerator\Backend\Content\Operators\State\TextState" namespace="PdfGenerator\Backend\Content\Operators\State">
          <metrics complexity="19" methods="17" coveredmethods="11" conditionals="0" coveredconditionals="0" statements="25" coveredstatements="14" elements="42" coveredelements="25"/>
        </class>
        <line num="96" type="method" name="setFont" visibility="public" complexity="1" crap="1" count="4"/>
        <line num="98" type="stmt" count="4"/>
        <line num="99" type="stmt" count="4"/>
        <line num="104" type="method" name="getFont" visibility="public" complexity="2" crap="2" count="4"/>
        <line num="106" type="stmt" count="4"/>
        <line num="112" type="method" name="setFontSize" visibility="public" complexity="1" crap="1" count="4"/>
        <line num="114" type="stmt" count="4"/>
        <line num="115" type="stmt" count="4"/>
        <line num="120" type="method" name="getFontSize" visibility="public" complexity="1" crap="1" count="4"/>
        <line num="122" type="stmt" count="4"/>
        <line num="128" type="method" name="setCharSpace" visibility="public" complexity="1" crap="2.00" count="0"/>
        <line num="130" type="stmt" count="0"/>
        <line num="131" type="stmt" count="0"/>
        <line num="136" type="method" name="getCharSpace" visibility="public" complexity="1" crap="1" count="4"/>
        <line num="138" type="stmt" count="4"/>
        <line num="144" type="method" name="setWordSpace" visibility="public" complexity="1" crap="2.00" count="0"/>
        <line num="146" type="stmt" count="0"/>
        <line num="147" type="stmt" count="0"/>
        <line num="152" type="method" name="getWordSpace" visibility="public" complexity="1" crap="1" count="4"/>
        <line num="154" type="stmt" count="4"/>
        <line num="160" type="method" name="setScale" visibility="public" complexity="1" crap="2.00" count="0"/>
        <line num="162" type="stmt" count="0"/>
        <line num="163" type="stmt" count="0"/>
        <line num="168" type="method" name="getScale" visibility="public" complexity="1" crap="1" count="4"/>
        <line num="170" type="stmt" count="4"/>
        <line num="176" type="method" name="setLeading" visibility="public" complexity="1" crap="1" count="4"/>
        <line num="178" type="stmt" count="4"/>
        <line num="179" type="stmt" count="4"/>
        <line num="184" type="method" name="getLeading" visibility="public" complexity="1" crap="1" count="4"/>
        <line num="186" type="stmt" count="4"/>
        <line num="192" type="method" name="setRenderMode" visibility="public" complexity="2" crap="6.00" count="0"/>
        <line num="196" type="stmt" count="0"/>
        <line num="197" type="stmt" count="0"/>
        <line num="202" type="method" name="getRenderMode" visibility="public" complexity="1" crap="1" count="4"/>
        <line num="204" type="stmt" count="4"/>
        <line num="210" type="method" name="setRise" visibility="public" complexity="1" crap="2.00" count="0"/>
        <line num="212" type="stmt" count="0"/>
        <line num="213" type="stmt" count="0"/>
        <line num="218" type="method" name="getRise" visibility="public" complexity="1" crap="1" count="4"/>
        <line num="220" type="stmt" count="4"/>
        <line num="229" type="method" name="accept" visibility="public" complexity="1" crap="2.00" count="0"/>
        <line num="231" type="stmt" count="0"/>
        <metrics loc="233" ncloc="123" classes="1" methods="17" coveredmethods="11" conditionals="0" coveredconditionals="0" statements="25" coveredstatements="14" elements="42" coveredelements="25"/>
      </file>
    </package>
    <package name="PdfGenerator\Backend">
      <file name="/home/famoser/Data/Repos/pdf-generator/src/Backend/ContentVisitor.php">
        <class name="PdfGenerator\Backend\ContentVisitor" namespace="PdfGenerator\Backend">
          <metrics complexity="11" methods="7" coveredmethods="5" conditionals="0" coveredconditionals="0" statements="32" coveredstatements="29" elements="39" coveredelements="34"/>
        </class>
        <line num="32" type="method" name="__construct" visibility="public" complexity="1" crap="1" count="6"/>
        <line num="34" type="stmt" count="6"/>
        <line num="35" type="stmt" count="6"/>
        <line num="44" type="method" name="visitTextContent" visibility="public" complexity="1" crap="1" count="4"/>
        <line num="47" type="stmt" count="4"/>
        <line num="50" type="stmt" count="4"/>
        <line num="53" type="stmt" count="4"/>
        <line num="55" type="stmt" count="4"/>
        <line num="65" type="method" name="visitImageContent" visibility="public" complexity="1" crap="1" count="1"/>
        <line num="68" type="stmt" count="1"/>
        <line num="71" type="stmt" count="1"/>
        <line num="74" type="stmt" count="1"/>
        <line num="76" type="stmt" count="1"/>
        <line num="86" type="method" name="visitRectangle" visibility="public" complexity="1" crap="1" count="1"/>
        <line num="89" type="stmt" count="1"/>
        <line num="92" type="stmt" count="1"/>
        <line num="93" type="stmt" count="1"/>
        <line num="96" type="stmt" count="1"/>
        <line num="98" type="stmt" count="1"/>
        <line num="107" type="method" name="createStreamObject" visibility="private" complexity="1" crap="1" count="6"/>
        <line num="109" type="stmt" count="6"/>
        <line num="117" type="method" name="getTextOperators" visibility="private" complexity="2" crap="2.01" count="4"/>
        <line num="120" type="stmt" count="4"/>
        <line num="121" type="stmt" count="4"/>
        <line num="123" type="stmt" count="4"/>
        <line num="126" type="stmt" count="4"/>
        <line num="129" type="stmt" count="4"/>
        <line num="130" type="stmt" count="4"/>
        <line num="131" type="stmt" count="0"/>
        <line num="134" type="stmt" count="4"/>
        <line num="142" type="method" name="getPaintingOperator" visibility="private" complexity="4" crap="4.25" count="1"/>
        <line num="144" type="stmt" count="1"/>
        <line num="145" type="stmt" count="1"/>
        <line num="146" type="stmt" count="1"/>
        <line num="147" type="stmt" count="1"/>
        <line num="148" type="stmt" count="0"/>
        <line num="149" type="stmt" count="1"/>
        <line num="150" type="stmt" count="1"/>
        <line num="152" type="stmt" count="0"/>
        <metrics loc="155" ncloc="80" classes="1" methods="7" coveredmethods="5" conditionals="0" coveredconditionals="0" statements="32" coveredstatements="29" elements="39" coveredelements="34"/>
      </file>
      <file name="/home/famoser/Data/Repos/pdf-generator/src/Backend/Document.php">
        <class name="PdfGenerator\Backend\Document" namespace="PdfGenerator\Backend">
          <metrics complexity="6" methods="5" coveredmethods="5" conditionals="0" coveredconditionals="0" statements="15" coveredstatements="15" elements="20" coveredelements="20"/>
        </class>
        <line num="40" type="method" name="__construct" visibility="public" complexity="1" crap="1" count="6"/>
        <line num="42" type="stmt" count="6"/>
        <line num="43" type="stmt" count="6"/>
        <line num="44" type="stmt" count="6"/>
        <line num="49" type="method" name="addPage" visibility="public" complexity="1" crap="1" count="6"/>
        <line num="51" type="stmt" count="6"/>
        <line num="52" type="stmt" count="6"/>
        <line num="54" type="stmt" count="6"/>
        <line num="60" type="method" name="getResourcesBuilder" visibility="public" complexity="1" crap="1" count="5"/>
        <line num="62" type="stmt" count="5"/>
        <line num="68" type="method" name="buildPages" visibility="private" complexity="2" crap="2" count="6"/>
        <line num="70" type="stmt" count="6"/>
        <line num="71" type="stmt" count="6"/>
        <line num="73" type="stmt" count="6"/>
        <line num="80" type="method" name="render" visibility="public" complexity="1" crap="1" count="6"/>
        <line num="82" type="stmt" count="6"/>
        <line num="84" type="stmt" count="6"/>
        <line num="85" type="stmt" count="6"/>
        <line num="87" type="stmt" count="6"/>
        <line num="89" type="stmt" count="6"/>
        <metrics loc="91" ncloc="57" classes="1" methods="5" coveredmethods="5" conditionals="0" coveredconditionals="0" statements="15" coveredstatements="15" elements="20" coveredelements="20"/>
      </file>
      <file name="/home/famoser/Data/Repos/pdf-generator/src/Backend/StructureVisitor.php">
        <class name="PdfGenerator\Backend\StructureVisitor" namespace="PdfGenerator\Backend">
          <metrics complexity="14" methods="9" coveredmethods="9" conditionals="0" coveredconditionals="0" statements="63" coveredstatements="63" elements="72" coveredelements="72"/>
        </class>
        <line num="37" type="method" name="__construct" visibility="public" complexity="1" crap="1" count="6"/>
        <line num="39" type="stmt" count="6"/>
        <line num="40" type="stmt" count="6"/>
        <line num="48" type="method" name="visitCatalog" visibility="public" complexity="1" crap="1" count="6"/>
        <line num="50" type="stmt" count="6"/>
        <line num="51" type="stmt" count="6"/>
        <line num="53" type="stmt" count="6"/>
        <line num="55" type="stmt" count="6"/>
        <line num="57" type="stmt" count="6"/>
        <line num="66" type="method" name="visitPages" visibility="public" complexity="2" crap="2" count="6"/>
        <line num="68" type="stmt" count="6"/>
        <line num="69" type="stmt" count="6"/>
        <line num="70" type="stmt" count="6"/>
        <line num="73" type="stmt" count="6"/>
        <line num="74" type="stmt" count="6"/>
        <line num="75" type="stmt" count="6"/>
        <line num="78" type="stmt" count="6"/>
        <line num="79" type="stmt" count="6"/>
        <line num="81" type="stmt" count="6"/>
        <line num="90" type="method" name="visitPage" visibility="public" complexity="1" crap="1" count="6"/>
        <line num="92" type="stmt" count="6"/>
        <line num="93" type="stmt" count="6"/>
        <line num="95" type="stmt" count="6"/>
        <line num="96" type="stmt" count="6"/>
        <line num="98" type="stmt" count="6"/>
        <line num="99" type="stmt" count="6"/>
        <line num="101" type="stmt" count="6"/>
        <line num="103" type="stmt" count="6"/>
        <line num="104" type="stmt" count="6"/>
        <line num="106" type="stmt" count="6"/>
        <line num="115" type="method" name="visitResources" visibility="public" complexity="3" crap="3" count="6"/>
        <line num="117" type="stmt" count="6"/>
        <line num="120" type="stmt" count="6"/>
        <line num="122" type="stmt" count="6"/>
        <line num="123" type="stmt" count="4"/>
        <line num="124" type="stmt" count="4"/>
        <line num="125" type="stmt" count="4"/>
        <line num="128" type="stmt" count="6"/>
        <line num="129" type="stmt" count="1"/>
        <line num="130" type="stmt" count="1"/>
        <line num="131" type="stmt" count="1"/>
        <line num="134" type="stmt" count="6"/>
        <line num="136" type="stmt" count="6"/>
        <line num="145" type="method" name="createReferenceDictionary" visibility="private" complexity="2" crap="2" count="5"/>
        <line num="147" type="stmt" count="5"/>
        <line num="148" type="stmt" count="5"/>
        <line num="149" type="stmt" count="5"/>
        <line num="150" type="stmt" count="5"/>
        <line num="153" type="stmt" count="5"/>
        <line num="163" type="method" name="visitContents" visibility="public" complexity="2" crap="2" count="6"/>
        <line num="166" type="stmt" count="6"/>
        <line num="168" type="stmt" count="6"/>
        <line num="169" type="stmt" count="6"/>
        <line num="172" type="stmt" count="6"/>
        <line num="181" type="method" name="visitFont" visibility="public" complexity="1" crap="1" count="4"/>
        <line num="183" type="stmt" count="4"/>
        <line num="184" type="stmt" count="4"/>
        <line num="185" type="stmt" count="4"/>
        <line num="186" type="stmt" count="4"/>
        <line num="188" type="stmt" count="4"/>
        <line num="197" type="method" name="visitImage" visibility="public" complexity="1" crap="1" count="1"/>
        <line num="199" type="stmt" count="1"/>
        <line num="201" type="stmt" count="1"/>
        <line num="202" type="stmt" count="1"/>
        <line num="203" type="stmt" count="1"/>
        <line num="204" type="stmt" count="1"/>
        <line num="205" type="stmt" count="1"/>
        <line num="206" type="stmt" count="1"/>
        <line num="207" type="stmt" count="1"/>
        <line num="208" type="stmt" count="1"/>
        <line num="209" type="stmt" count="1"/>
        <line num="211" type="stmt" count="1"/>
        <metrics loc="213" ncloc="143" classes="1" methods="9" coveredmethods="9" conditionals="0" coveredconditionals="0" statements="63" coveredstatements="63" elements="72" coveredelements="72"/>
      </file>
    </package>
    <package name="PdfGenerator\Backend\File">
      <file name="/home/famoser/Data/Repos/pdf-generator/src/Backend/File/File.php">
        <class name="PdfGenerator\Backend\File\File" namespace="PdfGenerator\Backend\File">
          <metrics complexity="4" methods="4" coveredmethods="4" conditionals="0" coveredconditionals="0" statements="10" coveredstatements="10" elements="14" coveredelements="14"/>
        </class>
        <line num="37" type="method" name="addStreamObject" visibility="public" complexity="1" crap="1" count="6"/>
        <line num="39" type="stmt" count="6"/>
        <line num="40" type="stmt" count="6"/>
        <line num="42" type="stmt" count="6"/>
        <line num="48" type="method" name="addDictionaryObject" visibility="public" complexity="1" crap="1" count="6"/>
        <line num="50" type="stmt" count="6"/>
        <line num="51" type="stmt" count="6"/>
        <line num="53" type="stmt" count="6"/>
        <line num="59" type="method" name="addObject" visibility="private" complexity="1" crap="1" count="6"/>
        <line num="61" type="stmt" count="6"/>
        <line num="62" type="stmt" count="6"/>
        <line num="69" type="method" name="render" visibility="public" complexity="1" crap="1" count="6"/>
        <line num="71" type="stmt" count="6"/>
        <line num="73" type="stmt" count="6"/>
        <metrics loc="75" ncloc="44" classes="1" methods="4" coveredmethods="4" conditionals="0" coveredconditionals="0" statements="10" coveredstatements="10" elements="14" coveredelements="14"/>
      </file>
      <file name="/home/famoser/Data/Repos/pdf-generator/src/Backend/File/ObjectVisitor.php">
        <class name="PdfGenerator\Backend\File\ObjectVisitor" namespace="PdfGenerator\Backend\File">
          <metrics complexity="4" methods="4" coveredmethods="4" conditionals="0" coveredconditionals="0" statements="10" coveredstatements="10" elements="14" coveredelements="14"/>
        </class>
        <line num="28" type="method" name="__construct" visibility="public" complexity="1" crap="1" count="6"/>
        <line num="30" type="stmt" count="6"/>
        <line num="31" type="stmt" count="6"/>
        <line num="38" type="method" name="visitDictionary" visibility="public" complexity="1" crap="1" count="6"/>
        <line num="40" type="stmt" count="6"/>
        <line num="48" type="method" name="visitStream" visibility="public" complexity="1" crap="1" count="6"/>
        <line num="50" type="stmt" count="6"/>
        <line num="51" type="stmt" count="6"/>
        <line num="52" type="stmt" count="6"/>
        <line num="53" type="stmt" count="6"/>
        <line num="54" type="stmt" count="6"/>
        <line num="56" type="stmt" count="6"/>
        <line num="65" type="method" name="visitObject" visibility="private" complexity="1" crap="1" count="6"/>
        <line num="67" type="stmt" count="6"/>
        <metrics loc="69" ncloc="39" classes="1" methods="4" coveredmethods="4" conditionals="0" coveredconditionals="0" statements="10" coveredstatements="10" elements="14" coveredelements="14"/>
      </file>
      <file name="/home/famoser/Data/Repos/pdf-generator/src/Backend/File/StructureVisitor.php">
        <class name="PdfGenerator\Backend\File\StructureVisitor" namespace="PdfGenerator\Backend\File">
          <metrics complexity="7" methods="5" coveredmethods="5" conditionals="0" coveredconditionals="0" statements="32" coveredstatements="32" elements="37" coveredelements="37"/>
        </class>
        <line num="37" type="method" name="__construct" visibility="public" complexity="1" crap="1" count="6"/>
        <line num="39" type="stmt" count="6"/>
        <line num="40" type="stmt" count="6"/>
        <line num="41" type="stmt" count="6"/>
        <line num="50" type="method" name="render" visibility="public" complexity="2" crap="2" count="6"/>
        <line num="52" type="stmt" count="6"/>
        <line num="54" type="stmt" count="6"/>
        <line num="55" type="stmt" count="6"/>
        <line num="57" type="stmt" count="6"/>
        <line num="58" type="stmt" count="6"/>
        <line num="59" type="stmt" count="6"/>
        <line num="60" type="stmt" count="6"/>
        <line num="63" type="stmt" count="6"/>
        <line num="65" type="stmt" count="6"/>
        <line num="66" type="stmt" count="6"/>
        <line num="68" type="stmt" count="6"/>
        <line num="76" type="method" name="visitFileHeader" visibility="public" complexity="1" crap="1" count="6"/>
        <line num="78" type="stmt" count="6"/>
        <line num="86" type="method" name="visitFileTrailer" visibility="public" complexity="1" crap="1" count="6"/>
        <line num="88" type="stmt" count="6"/>
        <line num="89" type="stmt" count="6"/>
        <line num="90" type="stmt" count="6"/>
        <line num="92" type="stmt" count="6"/>
        <line num="93" type="stmt" count="6"/>
        <line num="94" type="stmt" count="6"/>
        <line num="95" type="stmt" count="6"/>
        <line num="96" type="stmt" count="6"/>
        <line num="97" type="stmt" count="6"/>
        <line num="99" type="stmt" count="6"/>
        <line num="107" type="method" name="visitCrossReferenceTable" visibility="public" complexity="2" crap="2" count="6"/>
        <line num="109" type="stmt" count="6"/>
        <line num="110" type="stmt" count="6"/>
        <line num="111" type="stmt" count="6"/>
        <line num="112" type="stmt" count="6"/>
        <line num="114" type="stmt" count="6"/>
        <line num="115" type="stmt" count="6"/>
        <line num="118" type="stmt" count="6"/>
        <metrics loc="120" ncloc="81" classes="1" methods="5" coveredmethods="5" conditionals="0" coveredconditionals="0" statements="32" coveredstatements="32" elements="37" coveredelements="37"/>
      </file>
      <file name="/home/famoser/Data/Repos/pdf-generator/src/Backend/File/TokenVisitor.php">
        <class name="PdfGenerator\Backend\File\TokenVisitor" namespace="PdfGenerator\Backend\File">
          <metrics complexity="8" methods="6" coveredmethods="6" conditionals="0" coveredconditionals="0" statements="13" coveredstatements="13" elements="19" coveredelements="19"/>
        </class>
        <line num="28" type="method" name="visitArrayToken" visibility="public" complexity="1" crap="1" count="6"/>
        <line num="30" type="stmt" count="6"/>
        <line num="38" type="method" name="visitNumberToken" visibility="public" complexity="1" crap="1" count="6"/>
        <line num="40" type="stmt" count="6"/>
        <line num="48" type="method" name="visitDictionaryToken" visibility="public" complexity="2" crap="2" count="6"/>
        <line num="50" type="stmt" count="6"/>
        <line num="51" type="stmt" count="6"/>
        <line num="52" type="stmt" count="6"/>
        <line num="53" type="stmt" count="6"/>
        <line num="56" type="stmt" count="6"/>
        <line num="64" type="method" name="visitReferenceToken" visibility="public" complexity="1" crap="1" count="6"/>
        <line num="66" type="stmt" count="6"/>
        <line num="74" type="method" name="visitTextToken" visibility="public" complexity="1" crap="1" count="6"/>
        <line num="76" type="stmt" count="6"/>
        <line num="84" type="method" name="evaluateTokenArray" visibility="private" complexity="2" crap="2" count="6"/>
        <line num="86" type="stmt" count="6"/>
        <line num="87" type="stmt" count="6"/>
        <line num="88" type="stmt" count="6"/>
        <line num="91" type="stmt" count="6"/>
        <metrics loc="93" ncloc="55" classes="1" methods="6" coveredmethods="6" conditionals="0" coveredconditionals="0" statements="13" coveredstatements="13" elements="19" coveredelements="19"/>
      </file>
    </package>
    <package name="PdfGenerator\Backend\File\Object\Base">
      <file name="/home/famoser/Data/Repos/pdf-generator/src/Backend/File/Object/Base/BaseObject.php">
        <class name="PdfGenerator\Backend\File\Object\Base\BaseObject" namespace="PdfGenerator\Backend\File\Object\Base">
          <metrics complexity="3" methods="2" coveredmethods="2" conditionals="0" coveredconditionals="0" statements="3" coveredstatements="3" elements="5" coveredelements="5"/>
        </class>
        <line num="28" type="method" name="__construct" visibility="public" complexity="1" crap="1" count="6"/>
        <line num="30" type="stmt" count="6"/>
        <line num="31" type="stmt" count="6"/>
        <line num="43" type="method" name="getNumber" visibility="public" complexity="1" crap="1" count="6"/>
        <line num="45" type="stmt" count="6"/>
        <metrics loc="47" ncloc="23" classes="1" methods="2" coveredmethods="2" conditionals="0" coveredconditionals="0" statements="3" coveredstatements="3" elements="5" coveredelements="5"/>
      </file>
    </package>
    <package name="PdfGenerator\Backend\File\Object">
      <file name="/home/famoser/Data/Repos/pdf-generator/src/Backend/File/Object/DictionaryObject.php">
        <class name="PdfGenerator\Backend\File\Object\DictionaryObject" namespace="PdfGenerator\Backend\File\Object">
          <metrics complexity="13" methods="10" coveredmethods="10" conditionals="0" coveredconditionals="0" statements="28" coveredstatements="28" elements="38" coveredelements="38"/>
        </class>
        <line num="29" type="method" name="__construct" visibility="public" complexity="1" crap="1" count="6"/>
        <line num="31" type="stmt" count="6"/>
        <line num="33" type="stmt" count="6"/>
        <line num="34" type="stmt" count="6"/>
        <line num="40" type="method" name="addReferenceEntry" visibility="public" complexity="1" crap="1" count="6"/>
        <line num="42" type="stmt" count="6"/>
        <line num="43" type="stmt" count="6"/>
        <line num="49" type="method" name="addTextEntry" visibility="public" complexity="1" crap="1" count="6"/>
        <line num="51" type="stmt" count="6"/>
        <line num="52" type="stmt" count="6"/>
        <line num="58" type="method" name="addNumberEntry" visibility="public" complexity="1" crap="1" count="6"/>
        <line num="60" type="stmt" count="6"/>
        <line num="61" type="stmt" count="6"/>
        <line num="67" type="method" name="addDictionaryEntry" visibility="public" complexity="1" crap="1" count="5"/>
        <line num="69" type="stmt" count="5"/>
        <line num="70" type="stmt" count="5"/>
        <line num="76" type="method" name="addNumberArrayEntry" visibility="public" complexity="2" crap="2" count="6"/>
        <line num="78" type="stmt" count="6"/>
        <line num="80" type="stmt" count="6"/>
        <line num="81" type="stmt" count="6"/>
        <line num="84" type="stmt" count="6"/>
        <line num="85" type="stmt" count="6"/>
        <line num="92" type="method" name="addTextArrayEntry" visibility="public" complexity="2" crap="2" count="6"/>
        <line num="94" type="stmt" count="6"/>
        <line num="96" type="stmt" count="6"/>
        <line num="97" type="stmt" count="6"/>
        <line num="100" type="stmt" count="6"/>
        <line num="101" type="stmt" count="6"/>
        <line num="107" type="method" name="addReferenceArrayEntry" visibility="public" complexity="2" crap="2" count="6"/>
        <line num="109" type="stmt" count="6"/>
        <line num="111" type="stmt" count="6"/>
        <line num="112" type="stmt" count="6"/>
        <line num="115" type="stmt" count="6"/>
        <line num="116" type="stmt" count="6"/>
        <line num="123" type="method" name="accept" visibility="public" complexity="1" crap="1" count="6"/>
        <line num="125" type="stmt" count="6"/>
        <line num="131" type="method" name="getDictionaryToken" visibility="public" complexity="1" crap="1" count="6"/>
        <line num="133" type="stmt" count="6"/>
        <metrics loc="135" ncloc="87" classes="1" methods="10" coveredmethods="10" conditionals="0" coveredconditionals="0" statements="28" coveredstatements="28" elements="38" coveredelements="38"/>
      </file>
      <file name="/home/famoser/Data/Repos/pdf-generator/src/Backend/File/Object/StreamObject.php">
        <class name="PdfGenerator\Backend\File\Object\StreamObject" namespace="PdfGenerator\Backend\File\Object">
          <metrics complexity="4" methods="4" coveredmethods="4" conditionals="0" coveredconditionals="0" statements="8" coveredstatements="8" elements="12" coveredelements="12"/>
        </class>
        <line num="45" type="method" name="__construct" visibility="public" complexity="1" crap="1" count="6"/>
        <line num="47" type="stmt" count="6"/>
        <line num="49" type="stmt" count="6"/>
        <line num="50" type="stmt" count="6"/>
        <line num="59" type="stmt" count="6"/>
        <line num="60" type="stmt" count="6"/>
        <line num="67" type="method" name="accept" visibility="public" complexity="1" crap="1" count="6"/>
        <line num="69" type="stmt" count="6"/>
        <line num="75" type="method" name="getContent" visibility="public" complexity="1" crap="1" count="6"/>
        <line num="77" type="stmt" count="6"/>
        <line num="83" type="method" name="getMetaData" visibility="public" complexity="1" crap="1" count="6"/>
        <line num="85" type="stmt" count="6"/>
        <metrics loc="87" ncloc="46" classes="1" methods="4" coveredmethods="4" conditionals="0" coveredconditionals="0" statements="8" coveredstatements="8" elements="12" coveredelements="12"/>
      </file>
    </package>
    <package name="PdfGenerator\Backend\File\Structure\Base">
      <file name="/home/famoser/Data/Repos/pdf-generator/src/Backend/File/Structure/Base/BaseStructure.php">
        <class name="PdfGenerator\Backend\File\Structure\Base\BaseStructure" namespace="PdfGenerator\Backend\File\Structure\Base">
          <metrics complexity="1" methods="0" coveredmethods="0" conditionals="0" coveredconditionals="0" statements="0" coveredstatements="0" elements="0" coveredelements="0"/>
        </class>
        <metrics loc="24" ncloc="11" classes="0" methods="0" coveredmethods="0" conditionals="0" coveredconditionals="0" statements="0" coveredstatements="0" elements="0" coveredelements="0"/>
      </file>
    </package>
    <package name="PdfGenerator\Backend\File\Structure">
      <file name="/home/famoser/Data/Repos/pdf-generator/src/Backend/File/Structure/CrossReferenceTable.php">
        <class name="PdfGenerator\Backend\File\Structure\CrossReferenceTable" namespace="PdfGenerator\Backend\File\Structure">
          <metrics complexity="4" methods="4" coveredmethods="4" conditionals="0" coveredconditionals="0" statements="6" coveredstatements="6" elements="10" coveredelements="10"/>
        </class>
        <line num="32" type="method" name="registerEntrySize" visibility="public" complexity="1" crap="1" count="6"/>
        <line num="34" type="stmt" count="6"/>
        <line num="35" type="stmt" count="6"/>
        <line num="36" type="stmt" count="6"/>
        <line num="43" type="method" name="accept" visibility="public" complexity="1" crap="1" count="6"/>
        <line num="45" type="stmt" count="6"/>
        <line num="51" type="method" name="getLastEntry" visibility="public" complexity="1" crap="1" count="6"/>
        <line num="53" type="stmt" count="6"/>
        <line num="59" type="method" name="getEntries" visibility="public" complexity="1" crap="1" count="6"/>
        <line num="61" type="stmt" count="6"/>
        <metrics loc="63" ncloc="35" classes="1" methods="4" coveredmethods="4" conditionals="0" coveredconditionals="0" statements="6" coveredstatements="6" elements="10" coveredelements="10"/>
      </file>
      <file name="/home/famoser/Data/Repos/pdf-generator/src/Backend/File/Structure/FileHeader.php">
        <class name="PdfGenerator\Backend\File\Structure\FileHeader" namespace="PdfGenerator\Backend\File\Structure">
          <metrics complexity="2" methods="2" coveredmethods="2" conditionals="0" coveredconditionals="0" statements="2" coveredstatements="2" elements="4" coveredelements="4"/>
        </class>
        <line num="29" type="method" name="accept" visibility="public" complexity="1" crap="1" count="6"/>
        <line num="31" type="stmt" count="6"/>
        <line num="37" type="method" name="getVersion" visibility="public" complexity="1" crap="1" count="6"/>
        <line num="39" type="stmt" count="6"/>
        <metrics loc="41" ncloc="22" classes="1" methods="2" coveredmethods="2" conditionals="0" coveredconditionals="0" statements="2" coveredstatements="2" elements="4" coveredelements="4"/>
      </file>
      <file name="/home/famoser/Data/Repos/pdf-generator/src/Backend/File/Structure/FileTrailer.php">
        <class name="PdfGenerator\Backend\File\Structure\FileTrailer" namespace="PdfGenerator\Backend\File\Structure">
          <metrics complexity="5" methods="5" coveredmethods="5" conditionals="0" coveredconditionals="0" statements="8" coveredstatements="8" elements="13" coveredelements="13"/>
        </class>
        <line num="42" type="method" name="__construct" visibility="public" complexity="1" crap="1" count="6"/>
        <line num="44" type="stmt" count="6"/>
        <line num="45" type="stmt" count="6"/>
        <line num="46" type="stmt" count="6"/>
        <line num="47" type="stmt" count="6"/>
        <line num="54" type="method" name="accept" visibility="public" complexity="1" crap="1" count="6"/>
        <line num="56" type="stmt" count="6"/>
        <line num="62" type="method" name="getSize" visibility="public" complexity="1" crap="1" count="6"/>
        <line num="64" type="stmt" count="6"/>
        <line num="70" type="method" name="getStartOfCrossReferenceTable" visibility="public" complexity="1" crap="1" count="6"/>
        <line num="72" type="stmt" count="6"/>
        <line num="78" type="method" name="getRoot" visibility="public" complexity="1" crap="1" count="6"/>
        <line num="80" type="stmt" count="6"/>
        <metrics loc="82" ncloc="44" classes="1" methods="5" coveredmethods="5" conditionals="0" coveredconditionals="0" statements="8" coveredstatements="8" elements="13" coveredelements="13"/>
      </file>
    </package>
    <package name="PdfGenerator\Backend\File\Token">
      <file name="/home/famoser/Data/Repos/pdf-generator/src/Backend/File/Token/ArrayToken.php">
        <class name="PdfGenerator\Backend\File\Token\ArrayToken" namespace="PdfGenerator\Backend\File\Token">
          <metrics complexity="3" methods="3" coveredmethods="3" conditionals="0" coveredconditionals="0" statements="4" coveredstatements="4" elements="7" coveredelements="7"/>
        </class>
        <line num="29" type="method" name="__construct" visibility="public" complexity="1" crap="1" count="6"/>
        <line num="31" type="stmt" count="6"/>
        <line num="32" type="stmt" count="6"/>
        <line num="39" type="method" name="accept" visibility="public" complexity="1" crap="1" count="6"/>
        <line num="41" type="stmt" count="6"/>
        <line num="47" type="method" name="getValues" visibility="public" complexity="1" crap="1" count="6"/>
        <line num="49" type="stmt" count="6"/>
        <metrics loc="51" ncloc="27" classes="1" methods="3" coveredmethods="3" conditionals="0" coveredconditionals="0" statements="4" coveredstatements="4" elements="7" coveredelements="7"/>
      </file>
      <file name="/home/famoser/Data/Repos/pdf-generator/src/Backend/File/Token/DictionaryToken.php">
        <class name="PdfGenerator\Backend\File\Token\DictionaryToken" namespace="PdfGenerator\Backend\File\Token">
          <metrics complexity="5" methods="5" coveredmethods="5" conditionals="0" coveredconditionals="0" statements="8" coveredstatements="8" elements="13" coveredelements="13"/>
        </class>
        <line num="28" type="method" name="setEntry" visibility="public" complexity="1" crap="1" count="6"/>
        <line num="30" type="stmt" count="6"/>
        <line num="31" type="stmt" count="6"/>
        <line num="37" type="method" name="setTextEntry" visibility="public" complexity="1" crap="1" count="6"/>
        <line num="39" type="stmt" count="6"/>
        <line num="40" type="stmt" count="6"/>
        <line num="46" type="method" name="setNumberEntry" visibility="public" complexity="1" crap="1" count="6"/>
        <line num="48" type="stmt" count="6"/>
        <line num="49" type="stmt" count="6"/>
        <line num="56" type="method" name="accept" visibility="public" complexity="1" crap="1" count="6"/>
        <line num="58" type="stmt" count="6"/>
        <line num="64" type="method" name="getKeyValue" visibility="public" complexity="1" crap="1" count="6"/>
        <line num="66" type="stmt" count="6"/>
        <metrics loc="68" ncloc="37" classes="1" methods="5" coveredmethods="5" conditionals="0" coveredconditionals="0" statements="8" coveredstatements="8" elements="13" coveredelements="13"/>
      </file>
      <file name="/home/famoser/Data/Repos/pdf-generator/src/Backend/File/Token/NumberToken.php">
        <class name="PdfGenerator\Backend\File\Token\NumberToken" namespace="PdfGenerator\Backend\File\Token">
          <metrics complexity="3" methods="3" coveredmethods="3" conditionals="0" coveredconditionals="0" statements="4" coveredstatements="4" elements="7" coveredelements="7"/>
        </class>
        <line num="29" type="method" name="__construct" visibility="public" complexity="1" crap="1" count="6"/>
        <line num="31" type="stmt" count="6"/>
        <line num="32" type="stmt" count="6"/>
        <line num="39" type="method" name="accept" visibility="public" complexity="1" crap="1" count="6"/>
        <line num="41" type="stmt" count="6"/>
        <line num="47" type="method" name="getNumber" visibility="public" complexity="1" crap="1" count="6"/>
        <line num="49" type="stmt" count="6"/>
        <metrics loc="51" ncloc="27" classes="1" methods="3" coveredmethods="3" conditionals="0" coveredconditionals="0" statements="4" coveredstatements="4" elements="7" coveredelements="7"/>
      </file>
      <file name="/home/famoser/Data/Repos/pdf-generator/src/Backend/File/Token/ReferenceToken.php">
        <class name="PdfGenerator\Backend\File\Token\ReferenceToken" namespace="PdfGenerator\Backend\File\Token">
          <metrics complexity="3" methods="3" coveredmethods="3" conditionals="0" coveredconditionals="0" statements="4" coveredstatements="4" elements="7" coveredelements="7"/>
        </class>
        <line num="30" type="method" name="__construct" visibility="public" complexity="1" crap="1" count="6"/>
        <line num="32" type="stmt" count="6"/>
        <line num="33" type="stmt" count="6"/>
        <line num="40" type="method" name="accept" visibility="public" complexity="1" crap="1" count="6"/>
        <line num="42" type="stmt" count="6"/>
        <line num="48" type="method" name="getTarget" visibility="public" complexity="1" crap="1" count="6"/>
        <line num="50" type="stmt" count="6"/>
        <metrics loc="52" ncloc="28" classes="1" methods="3" coveredmethods="3" conditionals="0" coveredconditionals="0" statements="4" coveredstatements="4" elements="7" coveredelements="7"/>
      </file>
      <file name="/home/famoser/Data/Repos/pdf-generator/src/Backend/File/Token/TextToken.php">
        <class name="PdfGenerator\Backend\File\Token\TextToken" namespace="PdfGenerator\Backend\File\Token">
          <metrics complexity="3" methods="3" coveredmethods="3" conditionals="0" coveredconditionals="0" statements="4" coveredstatements="4" elements="7" coveredelements="7"/>
        </class>
        <line num="29" type="method" name="__construct" visibility="public" complexity="1" crap="1" count="6"/>
        <line num="31" type="stmt" count="6"/>
        <line num="32" type="stmt" count="6"/>
        <line num="37" type="method" name="getText" visibility="public" complexity="1" crap="1" count="6"/>
        <line num="39" type="stmt" count="6"/>
        <line num="47" type="method" name="accept" visibility="public" complexity="1" crap="1" count="6"/>
        <line num="49" type="stmt" count="6"/>
        <metrics loc="51" ncloc="27" classes="1" methods="3" coveredmethods="3" conditionals="0" coveredconditionals="0" statements="4" coveredstatements="4" elements="7" coveredelements="7"/>
      </file>
    </package>
    <package name="PdfGenerator\Backend\File\Token\Base">
      <file name="/home/famoser/Data/Repos/pdf-generator/src/Backend/File/Token/Base/BaseToken.php">
        <class name="PdfGenerator\Backend\File\Token\Base\BaseToken" namespace="PdfGenerator\Backend\File\Token\Base">
          <metrics complexity="1" methods="0" coveredmethods="0" conditionals="0" coveredconditionals="0" statements="0" coveredstatements="0" elements="0" coveredelements="0"/>
        </class>
        <metrics loc="24" ncloc="11" classes="0" methods="0" coveredmethods="0" conditionals="0" coveredconditionals="0" statements="0" coveredstatements="0" elements="0" coveredelements="0"/>
      </file>
    </package>
    <package name="PdfGenerator\Backend\Structure\Base">
      <file name="/home/famoser/Data/Repos/pdf-generator/src/Backend/Structure/Base/BaseStructure.php">
        <class name="PdfGenerator\Backend\Structure\Base\BaseStructure" namespace="PdfGenerator\Backend\Structure\Base">
          <metrics complexity="1" methods="0" coveredmethods="0" conditionals="0" coveredconditionals="0" statements="0" coveredstatements="0" elements="0" coveredelements="0"/>
        </class>
        <metrics loc="27" ncloc="13" classes="0" methods="0" coveredmethods="0" conditionals="0" coveredconditionals="0" statements="0" coveredstatements="0" elements="0" coveredelements="0"/>
      </file>
      <file name="/home/famoser/Data/Repos/pdf-generator/src/Backend/Structure/Base/IdentifiableStructureTrait.php">
        <class name="IdentifiableStructureTrait" namespace="PdfGenerator\Backend\Structure\Base">
          <metrics complexity="2" methods="2" coveredmethods="2" conditionals="0" coveredconditionals="0" statements="3" coveredstatements="3" elements="5" coveredelements="5"/>
        </class>
        <line num="26" type="method" name="setIdentifier" visibility="protected" complexity="1" crap="1" count="5"/>
        <line num="28" type="stmt" count="5"/>
        <line num="29" type="stmt" count="5"/>
        <line num="34" type="method" name="getIdentifier" visibility="public" complexity="1" crap="1" count="5"/>
        <line num="36" type="stmt" count="5"/>
        <metrics loc="38" ncloc="19" classes="1" methods="2" coveredmethods="2" conditionals="0" coveredconditionals="0" statements="3" coveredstatements="3" elements="5" coveredelements="5"/>
      </file>
      <file name="/home/famoser/Data/Repos/pdf-generator/src/Backend/Structure/Base/PageAwareStructure.php">
        <class name="PdfGenerator\Backend\Structure\Base\PageAwareStructure" namespace="PdfGenerator\Backend\Structure\Base">
          <metrics complexity="1" methods="0" coveredmethods="0" conditionals="0" coveredconditionals="0" statements="0" coveredstatements="0" elements="0" coveredelements="0"/>
        </class>
        <metrics loc="29" ncloc="14" classes="0" methods="0" coveredmethods="0" conditionals="0" coveredconditionals="0" statements="0" coveredstatements="0" elements="0" coveredelements="0"/>
      </file>
    </package>
    <package name="PdfGenerator\Backend\Structure\Builder\Base">
      <file name="/home/famoser/Data/Repos/pdf-generator/src/Backend/Structure/Builder/Base/BaseBuilder.php">
        <class name="PdfGenerator\Backend\Structure\Builder\Base\BaseBuilder" namespace="PdfGenerator\Backend\Structure\Builder\Base">
          <metrics complexity="4" methods="2" coveredmethods="1" conditionals="0" coveredconditionals="0" statements="4" coveredstatements="3" elements="6" coveredelements="4"/>
        </class>
        <line num="26" type="method" name="throwForMissingField" visibility="protected" complexity="1" crap="2.00" count="0"/>
        <line num="28" type="stmt" count="0"/>
        <line num="43" type="method" name="build" visibility="public" complexity="2" crap="2" count="6"/>
        <line num="45" type="stmt" count="6"/>
        <line num="46" type="stmt" count="6"/>
        <line num="49" type="stmt" count="6"/>
        <metrics loc="51" ncloc="25" classes="1" methods="2" coveredmethods="1" conditionals="0" coveredconditionals="0" statements="4" coveredstatements="3" elements="6" coveredelements="4"/>
      </file>
    </package>
    <package name="PdfGenerator\Backend\Structure\Builder">
      <file name="/home/famoser/Data/Repos/pdf-generator/src/Backend/Structure/Builder/ContentsBuilder.php">
        <class name="PdfGenerator\Backend\Structure\Builder\ContentsBuilder" namespace="PdfGenerator\Backend\Structure\Builder">
          <metrics complexity="4" methods="3" coveredmethods="2" conditionals="0" coveredconditionals="0" statements="6" coveredstatements="5" elements="9" coveredelements="7"/>
        </class>
        <line num="28" type="method" name="addContent" visibility="public" complexity="1" crap="1" count="6"/>
        <line num="30" type="stmt" count="6"/>
        <line num="31" type="stmt" count="6"/>
        <line num="38" type="method" name="construct" visibility="protected" complexity="2" crap="2.15" count="6"/>
        <line num="40" type="stmt" count="6"/>
        <line num="41" type="stmt" count="0"/>
        <line num="44" type="stmt" count="6"/>
        <line num="52" type="method" name="build" visibility="public" complexity="1" crap="1" count="6"/>
        <line num="54" type="stmt" count="6"/>
        <metrics loc="56" ncloc="32" classes="1" methods="3" coveredmethods="2" conditionals="0" coveredconditionals="0" statements="6" coveredstatements="5" elements="9" coveredelements="7"/>
      </file>
      <file name="/home/famoser/Data/Repos/pdf-generator/src/Backend/Structure/Builder/PageBuilder.php">
        <class name="PdfGenerator\Backend\Structure\Builder\PageBuilder" namespace="PdfGenerator\Backend\Structure\Builder">
          <metrics complexity="5" methods="5" coveredmethods="5" conditionals="0" coveredconditionals="0" statements="9" coveredstatements="9" elements="14" coveredelements="14"/>
        </class>
        <line num="47" type="method" name="__construct" visibility="public" complexity="1" crap="1" count="6"/>
        <line num="49" type="stmt" count="6"/>
        <line num="50" type="stmt" count="6"/>
        <line num="51" type="stmt" count="6"/>
        <line num="52" type="stmt" count="6"/>
        <line num="58" type="method" name="setMediaBox" visibility="public" complexity="1" crap="1" count="6"/>
        <line num="60" type="stmt" count="6"/>
        <line num="61" type="stmt" count="6"/>
        <line num="66" type="method" name="getContentsBuilder" visibility="public" complexity="1" crap="1" count="6"/>
        <line num="68" type="stmt" count="6"/>
        <line num="76" type="method" name="build" visibility="public" complexity="1" crap="1" count="6"/>
        <line num="78" type="stmt" count="6"/>
        <line num="86" type="method" name="construct" visibility="protected" complexity="1" crap="1" count="6"/>
        <line num="88" type="stmt" count="6"/>
        <metrics loc="90" ncloc="46" classes="1" methods="5" coveredmethods="5" conditionals="0" coveredconditionals="0" statements="9" coveredstatements="9" elements="14" coveredelements="14"/>
      </file>
      <file name="/home/famoser/Data/Repos/pdf-generator/src/Backend/Structure/Builder/ResourcesBuilder.php">
        <class name="PdfGenerator\Backend\Structure\Builder\ResourcesBuilder" namespace="PdfGenerator\Backend\Structure\Builder">
          <metrics complexity="3" methods="3" coveredmethods="3" conditionals="0" coveredconditionals="0" statements="4" coveredstatements="4" elements="7" coveredelements="7"/>
        </class>
        <line num="27" type="method" name="__construct" visibility="public" complexity="1" crap="1" count="6"/>
        <line num="29" type="stmt" count="6"/>
        <line num="30" type="stmt" count="6"/>
        <line num="35" type="method" name="getResources" visibility="public" complexity="1" crap="1" count="5"/>
        <line num="37" type="stmt" count="5"/>
        <line num="45" type="method" name="construct" visibility="protected" complexity="1" crap="1" count="6"/>
        <line num="47" type="stmt" count="6"/>
        <metrics loc="49" ncloc="27" classes="1" methods="3" coveredmethods="3" conditionals="0" coveredconditionals="0" statements="4" coveredstatements="4" elements="7" coveredelements="7"/>
      </file>
    </package>
    <package name="PdfGenerator\Backend\Structure">
      <file name="/home/famoser/Data/Repos/pdf-generator/src/Backend/Structure/Catalog.php">
        <class name="PdfGenerator\Backend\Structure\Catalog" namespace="PdfGenerator\Backend\Structure">
          <metrics complexity="3" methods="3" coveredmethods="2" conditionals="0" coveredconditionals="0" statements="4" coveredstatements="3" elements="7" coveredelements="5"/>
        </class>
        <line num="29" type="method" name="__construct" visibility="public" complexity="1" crap="1" count="6"/>
        <line num="31" type="stmt" count="6"/>
        <line num="32" type="stmt" count="6"/>
        <line num="40" type="method" name="accept" visibility="public" complexity="1" crap="2.00" count="0"/>
        <line num="42" type="stmt" count="0"/>
        <line num="48" type="method" name="getPages" visibility="public" complexity="1" crap="1" count="6"/>
        <line num="50" type="stmt" count="6"/>
        <metrics loc="52" ncloc="29" classes="1" methods="3" coveredmethods="2" conditionals="0" coveredconditionals="0" statements="4" coveredstatements="3" elements="7" coveredelements="5"/>
      </file>
      <file name="/home/famoser/Data/Repos/pdf-generator/src/Backend/Structure/Contents.php">
        <class name="PdfGenerator\Backend\Structure\Contents" namespace="PdfGenerator\Backend\Structure">
          <metrics complexity="3" methods="3" coveredmethods="3" conditionals="0" coveredconditionals="0" statements="4" coveredstatements="4" elements="7" coveredelements="7"/>
        </class>
        <line num="32" type="method" name="__construct" visibility="public" complexity="1" crap="1" count="6"/>
        <line num="34" type="stmt" count="6"/>
        <line num="35" type="stmt" count="6"/>
        <line num="44" type="method" name="accept" visibility="public" complexity="1" crap="1" count="6"/>
        <line num="46" type="stmt" count="6"/>
        <line num="52" type="method" name="getContent" visibility="public" complexity="1" crap="1" count="6"/>
        <line num="54" type="stmt" count="6"/>
        <metrics loc="56" ncloc="30" classes="1" methods="3" coveredmethods="3" conditionals="0" coveredconditionals="0" statements="4" coveredstatements="4" elements="7" coveredelements="7"/>
      </file>
      <file name="/home/famoser/Data/Repos/pdf-generator/src/Backend/Structure/Font.php">
        <class name="PdfGenerator\Backend\Structure\Font" namespace="PdfGenerator\Backend\Structure">
          <metrics complexity="4" methods="4" coveredmethods="4" conditionals="0" coveredconditionals="0" statements="7" coveredstatements="7" elements="11" coveredelements="11"/>
        </class>
        <line num="57" type="method" name="__construct" visibility="public" complexity="1" crap="1" count="4"/>
        <line num="59" type="stmt" count="4"/>
        <line num="61" type="stmt" count="4"/>
        <line num="62" type="stmt" count="4"/>
        <line num="63" type="stmt" count="4"/>
        <line num="71" type="method" name="accept" visibility="public" complexity="1" crap="1" count="4"/>
        <line num="73" type="stmt" count="4"/>
        <line num="79" type="method" name="getSubtype" visibility="public" complexity="1" crap="1" count="4"/>
        <line num="81" type="stmt" count="4"/>
        <line num="87" type="method" name="getBaseFont" visibility="public" complexity="1" crap="1" count="4"/>
        <line num="89" type="stmt" count="4"/>
        <metrics loc="91" ncloc="58" classes="1" methods="4" coveredmethods="4" conditionals="0" coveredconditionals="0" statements="7" coveredstatements="7" elements="11" coveredelements="11"/>
      </file>
      <file name="/home/famoser/Data/Repos/pdf-generator/src/Backend/Structure/Image.php">
        <class name="PdfGenerator\Backend\Structure\Image" namespace="PdfGenerator\Backend\Structure">
          <metrics complexity="6" methods="6" coveredmethods="6" conditionals="0" coveredconditionals="0" statements="11" coveredstatements="11" elements="17" coveredelements="17"/>
        </class>
        <line num="45" type="method" name="__construct" visibility="public" complexity="1" crap="1" count="1"/>
        <line num="47" type="stmt" count="1"/>
        <line num="49" type="stmt" count="1"/>
        <line num="50" type="stmt" count="1"/>
        <line num="51" type="stmt" count="1"/>
        <line num="52" type="stmt" count="1"/>
        <line num="53" type="stmt" count="1"/>
        <line num="61" type="method" name="accept" visibility="public" complexity="1" crap="1" count="1"/>
        <line num="63" type="stmt" count="1"/>
        <line num="69" type="method" name="getWidth" visibility="public" complexity="1" crap="1" count="1"/>
        <line num="71" type="stmt" count="1"/>
        <line num="77" type="method" name="getHeight" visibility="public" complexity="1" crap="1" count="1"/>
        <line num="79" type="stmt" count="1"/>
        <line num="85" type="method" name="getImageData" visibility="public" complexity="1" crap="1" count="1"/>
        <line num="87" type="stmt" count="1"/>
        <line num="93" type="method" name="getFilter" visibility="public" complexity="1" crap="1" count="1"/>
        <line num="95" type="stmt" count="1"/>
        <metrics loc="97" ncloc="56" classes="1" methods="6" coveredmethods="6" conditionals="0" coveredconditionals="0" statements="11" coveredstatements="11" elements="17" coveredelements="17"/>
      </file>
      <file name="/home/famoser/Data/Repos/pdf-generator/src/Backend/Structure/Page.php">
        <class name="PdfGenerator\Backend\Structure\Page" namespace="PdfGenerator\Backend\Structure">
          <metrics complexity="6" methods="6" coveredmethods="6" conditionals="0" coveredconditionals="0" statements="10" coveredstatements="10" elements="16" coveredelements="16"/>
        </class>
        <line num="52" type="method" name="__construct" visibility="public" complexity="1" crap="1" count="6"/>
        <line num="54" type="stmt" count="6"/>
        <line num="55" type="stmt" count="6"/>
        <line num="56" type="stmt" count="6"/>
        <line num="57" type="stmt" count="6"/>
        <line num="58" type="stmt" count="6"/>
        <line num="66" type="method" name="accept" visibility="public" complexity="1" crap="1" count="6"/>
        <line num="68" type="stmt" count="6"/>
        <line num="74" type="method" name="getParent" visibility="public" complexity="1" crap="1" count="6"/>
        <line num="76" type="stmt" count="6"/>
        <line num="82" type="method" name="getMediaBox" visibility="public" complexity="1" crap="1" count="6"/>
        <line num="84" type="stmt" count="6"/>
        <line num="90" type="method" name="getContents" visibility="public" complexity="1" crap="1" count="6"/>
        <line num="92" type="stmt" count="6"/>
        <line num="98" type="method" name="getResources" visibility="public" complexity="1" crap="1" count="6"/>
        <line num="100" type="stmt" count="6"/>
        <metrics loc="102" ncloc="56" classes="1" methods="6" coveredmethods="6" conditionals="0" coveredconditionals="0" statements="10" coveredstatements="10" elements="16" coveredelements="16"/>
      </file>
      <file name="/home/famoser/Data/Repos/pdf-generator/src/Backend/Structure/Pages.php">
        <class name="PdfGenerator\Backend\Structure\Pages" namespace="PdfGenerator\Backend\Structure">
          <metrics complexity="3" methods="3" coveredmethods="3" conditionals="0" coveredconditionals="0" statements="4" coveredstatements="4" elements="7" coveredelements="7"/>
        </class>
        <line num="29" type="method" name="addPage" visibility="public" complexity="1" crap="1" count="6"/>
        <line num="31" type="stmt" count="6"/>
        <line num="32" type="stmt" count="6"/>
        <line num="40" type="method" name="accept" visibility="public" complexity="1" crap="1" count="6"/>
        <line num="42" type="stmt" count="6"/>
        <line num="48" type="method" name="getKids" visibility="public" complexity="1" crap="1" count="6"/>
        <line num="50" type="stmt" count="6"/>
        <metrics loc="52" ncloc="29" classes="1" methods="3" coveredmethods="3" conditionals="0" coveredconditionals="0" statements="4" coveredstatements="4" elements="7" coveredelements="7"/>
      </file>
      <file name="/home/famoser/Data/Repos/pdf-generator/src/Backend/Structure/Resources.php">
        <class name="PdfGenerator\Backend\Structure\Resources" namespace="PdfGenerator\Backend\Structure">
          <metrics complexity="6" methods="6" coveredmethods="6" conditionals="0" coveredconditionals="0" statements="12" coveredstatements="12" elements="18" coveredelements="18"/>
        </class>
        <line num="42" type="method" name="addFont" visibility="public" complexity="1" crap="1" count="4"/>
        <line num="44" type="stmt" count="4"/>
        <line num="45" type="stmt" count="4"/>
        <line num="46" type="stmt" count="4"/>
        <line num="48" type="stmt" count="4"/>
        <line num="56" type="method" name="addImage" visibility="public" complexity="1" crap="1" count="1"/>
        <line num="58" type="stmt" count="1"/>
        <line num="59" type="stmt" count="1"/>
        <line num="60" type="stmt" count="1"/>
        <line num="62" type="stmt" count="1"/>
        <line num="70" type="method" name="generateIdentifier" visibility="private" complexity="1" crap="1" count="5"/>
        <line num="72" type="stmt" count="5"/>
        <line num="81" type="method" name="accept" visibility="public" complexity="1" crap="1" count="6"/>
        <line num="83" type="stmt" count="6"/>
        <line num="89" type="method" name="getFonts" visibility="public" complexity="1" crap="1" count="6"/>
        <line num="91" type="stmt" count="6"/>
        <line num="97" type="method" name="getImages" visibility="public" complexity="1" crap="1" count="6"/>
        <line num="99" type="stmt" count="6"/>
        <metrics loc="101" ncloc="56" classes="1" methods="6" coveredmethods="6" conditionals="0" coveredconditionals="0" statements="12" coveredstatements="12" elements="18" coveredelements="18"/>
      </file>
    </package>
    <package name="PdfGenerator\Font\Backend">
      <file name="/home/famoser/Data/Repos/pdf-generator/src/Font/Backend/FileWriter.php">
        <class name="PdfGenerator\Font\Backend\FileWriter" namespace="PdfGenerator\Font\Backend">
          <metrics complexity="55" methods="22" coveredmethods="19" conditionals="0" coveredconditionals="0" statements="222" coveredstatements="212" elements="244" coveredelements="231"/>
        </class>
        <line num="42" type="method" name="__construct" visibility="public" complexity="1" crap="1" count="4"/>
[...]
          <metrics complexity="3" methods="3" coveredmethods="3" conditionals="0" coveredconditionals="0" statements="5" coveredstatements="5" elements="8" coveredelements="8"/>
        </class>
        <line num="40" type="method" name="__construct" visibility="public" complexity="1" crap="1" count="6"/>
        <line num="42" type="stmt" count="6"/>
        <line num="43" type="stmt" count="6"/>
        <line num="44" type="stmt" count="6"/>
        <line num="49" type="method" name="getPageLevelRepository" visibility="public" complexity="1" crap="1" count="2"/>
        <line num="51" type="stmt" count="2"/>
        <line num="57" type="method" name="getTextLevelRepository" visibility="public" complexity="1" crap="1" count="4"/>
        <line num="59" type="stmt" count="4"/>
        <metrics loc="61" ncloc="33" classes="1" methods="3" coveredmethods="3" conditionals="0" coveredconditionals="0" statements="5" coveredstatements="5" elements="8" coveredelements="8"/>
      </file>
      <file name="/home/famoser/Data/Repos/pdf-generator/src/IR/Configuration/StateFactory.php">
        <class name="PdfGenerator\IR\Configuration\StateFactory" namespace="PdfGenerator\IR\Configuration">
          <metrics complexity="4" methods="4" coveredmethods="4" conditionals="0" coveredconditionals="0" statements="8" coveredstatements="8" elements="12" coveredelements="12"/>
        </class>
        <line num="46" type="method" name="__construct" visibility="public" complexity="1" crap="1" count="6"/>
        <line num="48" type="stmt" count="6"/>
        <line num="50" type="stmt" count="6"/>
        <line num="51" type="stmt" count="6"/>
        <line num="52" type="stmt" count="6"/>
        <line num="53" type="stmt" count="6"/>
        <line num="58" type="method" name="getGeneralGraphicStateRepository" visibility="public" complexity="1" crap="1" count="6"/>
        <line num="60" type="stmt" count="6"/>
        <line num="66" type="method" name="getColorStateRepository" visibility="public" complexity="1" crap="1" count="6"/>
        <line num="68" type="stmt" count="6"/>
        <line num="74" type="method" name="getTextStateRepository" visibility="public" complexity="1" crap="1" count="6"/>
        <line num="76" type="stmt" count="6"/>
        <metrics loc="78" ncloc="44" classes="1" methods="4" coveredmethods="4" conditionals="0" coveredconditionals="0" statements="8" coveredstatements="8" elements="12" coveredelements="12"/>
      </file>
    </package>
    <package name="PdfGenerator\IR\Configuration\State">
      <file name="/home/famoser/Data/Repos/pdf-generator/src/IR/Configuration/State/ColorStateRepository.php">
        <class name="PdfGenerator\IR\Configuration\State\ColorStateRepository" namespace="PdfGenerator\IR\Configuration\State">
          <metrics complexity="9" methods="6" coveredmethods="5" conditionals="0" coveredconditionals="0" statements="22" coveredstatements="21" elements="28" coveredelements="26"/>
        </class>
        <line num="38" type="method" name="setFillColor" visibility="public" complexity="1" crap="1" count="1"/>
        <line num="40" type="stmt" count="1"/>
        <line num="42" type="stmt" count="1"/>
        <line num="44" type="stmt" count="1"/>
        <line num="45" type="stmt" count="1"/>
        <line num="52" type="method" name="setBorderColor" visibility="public" complexity="1" crap="1" count="1"/>
        <line num="54" type="stmt" count="1"/>
        <line num="56" type="stmt" count="1"/>
        <line num="58" type="stmt" count="1"/>
        <line num="59" type="stmt" count="1"/>
        <line num="64" type="method" name="getColorState" visibility="public" complexity="2" crap="2" count="6"/>
        <line num="66" type="stmt" count="6"/>
        <line num="67" type="stmt" count="2"/>
        <line num="70" type="stmt" count="6"/>
        <line num="71" type="stmt" count="6"/>
        <line num="72" type="stmt" count="6"/>
        <line num="74" type="stmt" count="6"/>
        <line num="82" type="method" name="throwIfNoHexColor" visibility="private" complexity="3" crap="3.33" count="1"/>
        <line num="84" type="stmt" count="1"/>
        <line num="85" type="stmt" count="0"/>
        <line num="87" type="stmt" count="1"/>
        <line num="96" type="method" name="convertToPdfColourSpecification" visibility="private" complexity="1" crap="1" count="6"/>
        <line num="98" type="stmt" count="6"/>
        <line num="101" type="stmt" count="6"/>
        <line num="102" type="stmt" count="6"/>
        <line num="103" type="stmt" count="6"/>
        <line num="112" type="method" name="convertToPdfColourValue" visibility="private" complexity="1" crap="1" count="6"/>
        <line num="114" type="stmt" count="6"/>
        <metrics loc="116" ncloc="69" classes="1" methods="6" coveredmethods="5" conditionals="0" coveredconditionals="0" statements="22" coveredstatements="21" elements="28" coveredelements="26"/>
      </file>
      <file name="/home/famoser/Data/Repos/pdf-generator/src/IR/Configuration/State/GeneralGraphicStateRepository.php">
        <class name="PdfGenerator\IR\Configuration\State\GeneralGraphicStateRepository" namespace="PdfGenerator\IR\Configuration\State">
          <metrics complexity="4" methods="3" coveredmethods="3" conditionals="0" coveredconditionals="0" statements="12" coveredstatements="12" elements="15" coveredelements="15"/>
        </class>
        <line num="39" type="method" name="setPosition" visibility="public" complexity="1" crap="1" count="6"/>
        <line num="41" type="stmt" count="6"/>
        <line num="43" type="stmt" count="6"/>
        <line num="44" type="stmt" count="6"/>
        <line num="49" type="method" name="setLineWidth" visibility="public" complexity="1" crap="1" count="1"/>
        <line num="51" type="stmt" count="1"/>
        <line num="53" type="stmt" count="1"/>
        <line num="54" type="stmt" count="1"/>
        <line num="59" type="method" name="getGeneralGraphicState" visibility="public" complexity="2" crap="2" count="6"/>
        <line num="61" type="stmt" count="6"/>
        <line num="62" type="stmt" count="2"/>
        <line num="65" type="stmt" count="6"/>
        <line num="66" type="stmt" count="6"/>
        <line num="67" type="stmt" count="6"/>
        <line num="69" type="stmt" count="6"/>
        <metrics loc="71" ncloc="42" classes="1" methods="3" coveredmethods="3" conditionals="0" coveredconditionals="0" statements="12" coveredstatements="12" elements="15" coveredelements="15"/>
      </file>
      <file name="/home/famoser/Data/Repos/pdf-generator/src/IR/Configuration/State/TextStateRepository.php">
        <class name="PdfGenerator\IR\Configuration\State\TextStateRepository" namespace="PdfGenerator\IR\Configuration\State">
          <metrics complexity="5" methods="3" coveredmethods="2" conditionals="0" coveredconditionals="0" statements="15" coveredstatements="11" elements="18" coveredelements="13"/>
        </class>
        <line num="50" type="method" name="__construct" visibility="public" complexity="1" crap="1" count="6"/>
        <line num="52" type="stmt" count="6"/>
        <line num="53" type="stmt" count="6"/>
        <line num="59" type="method" name="setFontSize" visibility="public" complexity="1" crap="2.00" count="0"/>
        <line num="61" type="stmt" count="0"/>
        <line num="62" type="stmt" count="0"/>
        <line num="64" type="stmt" count="0"/>
        <line num="65" type="stmt" count="0"/>
        <line num="70" type="method" name="getTextState" visibility="public" complexity="3" crap="3" count="4"/>
        <line num="72" type="stmt" count="4"/>
        <line num="73" type="stmt" count="1"/>
        <line num="76" type="stmt" count="4"/>
        <line num="77" type="stmt" count="4"/>
        <line num="78" type="stmt" count="4"/>
        <line num="80" type="stmt" count="4"/>
        <line num="81" type="stmt" count="4"/>
        <line num="83" type="stmt" count="4"/>
        <line num="85" type="stmt" count="4"/>
        <metrics loc="87" ncloc="52" classes="1" methods="3" coveredmethods="2" conditionals="0" coveredconditionals="0" statements="15" coveredstatements="11" elements="18" coveredelements="13"/>
      </file>
    </package>
    <package name="PdfGenerator\IR">
      <file name="/home/famoser/Data/Repos/pdf-generator/src/IR/Cursor.php">
        <class name="PdfGenerator\IR\Cursor" namespace="PdfGenerator\IR">
          <metrics complexity="9" methods="7" coveredmethods="4" conditionals="0" coveredconditionals="0" statements="10" coveredstatements="7" elements="17" coveredelements="11"/>
        </class>
        <line num="38" type="method" name="__construct" visibility="public" complexity="1" crap="1" count="5"/>
        <line num="40" type="stmt" count="5"/>
        <line num="41" type="stmt" count="5"/>
        <line num="42" type="stmt" count="5"/>
        <line num="43" type="stmt" count="5"/>
        <line num="48" type="method" name="getXCoordinate" visibility="public" complexity="1" crap="2.00" count="0"/>
        <line num="50" type="stmt" count="0"/>
        <line num="56" type="method" name="getYCoordinate" visibility="public" complexity="1" crap="1" count="2"/>
        <line num="58" type="stmt" count="2"/>
        <line num="64" type="method" name="getPage" visibility="public" complexity="1" crap="1" count="5"/>
        <line num="66" type="stmt" count="5"/>
        <line num="74" type="method" name="setX" visibility="public" complexity="1" crap="2.00" count="0"/>
        <line num="76" type="stmt" count="0"/>
        <line num="84" type="method" name="isBiggerThan" visibility="public" complexity="3" crap="3" count="5"/>
        <line num="86" type="stmt" count="5"/>
        <line num="94" type="method" name="setY" visibility="public" complexity="1" crap="2.00" count="0"/>
        <line num="96" type="stmt" count="0"/>
        <metrics loc="98" ncloc="50" classes="1" methods="7" coveredmethods="4" conditionals="0" coveredconditionals="0" statements="10" coveredstatements="7" elements="17" coveredelements="11"/>
      </file>
      <file name="/home/famoser/Data/Repos/pdf-generator/src/IR/Printer.php">
        <class name="PdfGenerator\IR\Printer" namespace="PdfGenerator\IR">
          <metrics complexity="9" methods="8" coveredmethods="7" conditionals="0" coveredconditionals="0" statements="25" coveredstatements="24" elements="33" coveredelements="31"/>
        </class>
        <line num="48" type="method" name="__construct" visibility="public" complexity="1" crap="1" count="6"/>
        <line num="50" type="stmt" count="6"/>
        <line num="51" type="stmt" count="6"/>
        <line num="52" type="stmt" count="6"/>
        <line num="53" type="stmt" count="6"/>
        <line num="54" type="stmt" count="6"/>
        <line num="59" type="method" name="printText" visibility="public" complexity="1" crap="1" count="4"/>
        <line num="61" type="stmt" count="4"/>
        <line num="62" type="stmt" count="4"/>
        <line num="64" type="stmt" count="4"/>
        <line num="65" type="stmt" count="4"/>
        <line num="70" type="method" name="printImage" visibility="public" complexity="1" crap="1" count="1"/>
        <line num="72" type="stmt" count="1"/>
        <line num="73" type="stmt" count="1"/>
        <line num="74" type="stmt" count="1"/>
        <line num="76" type="stmt" count="1"/>
        <line num="77" type="stmt" count="1"/>
        <line num="84" type="method" name="printRectangle" visibility="public" complexity="2" crap="2" count="1"/>
        <line num="86" type="stmt" count="1"/>
        <line num="87" type="stmt" count="1"/>
        <line num="88" type="stmt" count="1"/>
        <line num="90" type="stmt" count="1"/>
        <line num="91" type="stmt" count="1"/>
        <line num="96" type="method" name="printContent" visibility="protected" complexity="1" crap="1" count="6"/>
        <line num="98" type="stmt" count="6"/>
        <line num="99" type="stmt" count="6"/>
        <line num="100" type="stmt" count="6"/>
        <line num="106" type="method" name="setMeta" visibility="public" complexity="1" crap="2.00" count="0"/>
        <line num="109" type="stmt" count="0"/>
        <line num="114" type="method" name="save" visibility="public" complexity="1" crap="1" count="6"/>
        <line num="116" type="stmt" count="6"/>
        <line num="122" type="method" name="getStateFactory" visibility="public" complexity="1" crap="1" count="6"/>
        <line num="124" type="stmt" count="6"/>
        <metrics loc="126" ncloc="77" classes="1" methods="8" coveredmethods="7" conditionals="0" coveredconditionals="0" statements="25" coveredstatements="24" elements="33" coveredelements="31"/>
      </file>
    </package>
    <package name="PdfGenerator\IR\Structure\Content">
      <file name="/home/famoser/Data/Repos/pdf-generator/src/IR/Structure/Content/FontRepository.php">
        <class name="PdfGenerator\IR\Structure\Content\FontRepository" namespace="PdfGenerator\IR\Structure\Content">
          <metrics complexity="7" methods="4" coveredmethods="3" conditionals="0" coveredconditionals="0" statements="13" coveredstatements="11" elements="17" coveredelements="14"/>
        </class>
        <line num="78" type="method" name="__construct" visibility="public" complexity="1" crap="1" count="6"/>
        <line num="80" type="stmt" count="6"/>
        <line num="81" type="stmt" count="6"/>
        <line num="86" type="method" name="getDefaultFont" visibility="public" complexity="1" crap="1" count="4"/>
        <line num="89" type="stmt" count="4"/>
        <line num="100" type="method" name="getFont" visibility="public" complexity="3" crap="3.33" count="4"/>
        <line num="102" type="stmt" count="4"/>
        <line num="103" type="stmt" count="0"/>
        <line num="106" type="stmt" count="4"/>
        <line num="107" type="stmt" count="4"/>
        <line num="108" type="stmt" count="0"/>
        <line num="111" type="stmt" count="4"/>
        <line num="120" type="method" name="getOrCreateFont" visibility="private" complexity="2" crap="2" count="4"/>
        <line num="122" type="stmt" count="4"/>
        <line num="123" type="stmt" count="4"/>
        <line num="124" type="stmt" count="4"/>
        <line num="127" type="stmt" count="4"/>
        <metrics loc="129" ncloc="89" classes="1" methods="4" coveredmethods="3" conditionals="0" coveredconditionals="0" statements="13" coveredstatements="11" elements="17" coveredelements="14"/>
      </file>
      <file name="/home/famoser/Data/Repos/pdf-generator/src/IR/Structure/Content/ImageRepository.php">
        <class name="PdfGenerator\IR\Structure\Content\ImageRepository" namespace="PdfGenerator\IR\Structure\Content">
          <metrics complexity="4" methods="3" coveredmethods="3" conditionals="0" coveredconditionals="0" statements="7" coveredstatements="7" elements="10" coveredelements="10"/>
        </class>
        <line num="34" type="method" name="__construct" visibility="public" complexity="1" crap="1" count="6"/>
        <line num="36" type="stmt" count="6"/>
        <line num="37" type="stmt" count="6"/>
        <line num="44" type="method" name="getImage" visibility="public" complexity="1" crap="1" count="1"/>
        <line num="46" type="stmt" count="1"/>
        <line num="54" type="method" name="getOrCreateImage" visibility="private" complexity="2" crap="2" count="1"/>
        <line num="56" type="stmt" count="1"/>
        <line num="57" type="stmt" count="1"/>
        <line num="58" type="stmt" count="1"/>
        <line num="61" type="stmt" count="1"/>
        <metrics loc="63" ncloc="34" classes="1" methods="3" coveredmethods="3" conditionals="0" coveredconditionals="0" statements="7" coveredstatements="7" elements="10" coveredelements="10"/>
      </file>
      <file name="/home/famoser/Data/Repos/pdf-generator/src/IR/Structure/Content/PageRepository.php">
        <class name="PdfGenerator\IR\Structure\Content\PageRepository" namespace="PdfGenerator\IR\Structure\Content">
          <metrics complexity="4" methods="3" coveredmethods="3" conditionals="0" coveredconditionals="0" statements="11" coveredstatements="11" elements="14" coveredelements="14"/>
        </class>
        <line num="34" type="method" name="__construct" visibility="public" complexity="1" crap="1" count="6"/>
        <line num="36" type="stmt" count="6"/>
        <line num="37" type="stmt" count="6"/>
        <line num="44" type="method" name="getPage" visibility="public" complexity="1" crap="1" count="6"/>
        <line num="46" type="stmt" count="6"/>
        <line num="54" type="method" name="getOrCreatePageBuilder" visibility="protected" complexity="2" crap="2" count="6"/>
        <line num="56" type="stmt" count="6"/>
        <line num="57" type="stmt" count="6"/>
        <line num="59" type="stmt" count="6"/>
        <line num="60" type="stmt" count="6"/>
        <line num="61" type="stmt" count="6"/>
        <line num="63" type="stmt" count="6"/>
        <line num="64" type="stmt" count="6"/>
        <line num="67" type="stmt" count="6"/>
        <metrics loc="69" ncloc="40" classes="1" methods="3" coveredmethods="3" conditionals="0" coveredconditionals="0" statements="11" coveredstatements="11" elements="14" coveredelements="14"/>
      </file>
    </package>
    <package name="PdfGenerator\IR\Structure">
      <file name="/home/famoser/Data/Repos/pdf-generator/src/IR/Structure/ContentFactory.php">
        <class name="PdfGenerator\IR\Structure\ContentFactory" namespace="PdfGenerator\IR\Structure">
          <metrics complexity="4" methods="4" coveredmethods="4" conditionals="0" coveredconditionals="0" statements="7" coveredstatements="7" elements="11" coveredelements="11"/>
        </class>
        <line num="39" type="method" name="__construct" visibility="public" complexity="1" crap="1" count="6"/>
        <line num="41" type="stmt" count="6"/>
        <line num="42" type="stmt" count="6"/>
        <line num="43" type="stmt" count="6"/>
        <line num="44" type="stmt" count="6"/>
        <line num="49" type="method" name="getPageRepository" visibility="public" complexity="1" crap="1" count="6"/>
        <line num="51" type="stmt" count="6"/>
        <line num="57" type="method" name="getFontRepository" visibility="public" complexity="1" crap="1" count="6"/>
        <line num="59" type="stmt" count="6"/>
        <line num="65" type="method" name="getImageRepository" visibility="public" complexity="1" crap="1" count="1"/>
        <line num="67" type="stmt" count="1"/>
        <metrics loc="69" ncloc="40" classes="1" methods="4" coveredmethods="4" conditionals="0" coveredconditionals="0" statements="7" coveredstatements="7" elements="11" coveredelements="11"/>
      </file>
    </package>
    <package name="PdfGenerator\Utils">
      <file name="/home/famoser/Data/Repos/pdf-generator/src/Utils/IdentifiableTrait.php">
        <class name="IdentifiableTrait" namespace="PdfGenerator\Utils">
          <metrics complexity="2" methods="1" coveredmethods="1" conditionals="0" coveredconditionals="0" statements="3" coveredstatements="3" elements="4" coveredelements="4"/>
        </class>
        <line num="29" type="method" name="getIdentifier" visibility="public" complexity="2" crap="2" count="6"/>
        <line num="31" type="stmt" count="6"/>
        <line num="32" type="stmt" count="6"/>
        <line num="35" type="stmt" count="6"/>
        <metrics loc="37" ncloc="20" classes="1" methods="1" coveredmethods="1" conditionals="0" coveredconditionals="0" statements="3" coveredstatements="3" elements="4" coveredelements="4"/>
      </file>
    </package>
    <metrics files="122" loc="12781" ncloc="7163" classes="103" methods="695" coveredmethods="570" conditionals="0" coveredconditionals="0" statements="2202" coveredstatements="1774" elements="2897" coveredelements="2344"/>
  </project>
</coverage>
